<?xml version="1.0" encoding="UTF-8"?>
<!-- Generated by org.testng.reporters.JUnitXMLReporter -->
<testsuite hostname="DESKTOP-AGB2LVG" name="SmokeScenario" tests="4" failures="0" timestamp="15 Jun 2019 11:01:53 GMT" time="0.097" errors="0">
  <testcase name="thirdTest" time="0.027" classname="practiceSelenium.TestNGPriority"/>
  <testcase name="secondTest" time="0.007" classname="practiceSelenium.TestNGPriority"/>
  <testcase name="firstTest" time="0.004" classname="practiceSelenium.TestNGPriority"/>
  <testcase name="fourthTest" time="0.005" classname="practiceSelenium.TestNGPriority"/>
</testsuite> <!-- SmokeScenario -->
